#Results of cgview_xml_builder.pl run started on Monday June 24 14:53:52 2019.
The sequence title was shortened because it is longer than 50 characters.
Creating XML for feature sets on the outside of the backbone circle.
Feature sets written first are drawn closest to the backbone circle.
Creating XML for features in the GenBank file that are on the plus strand.
Creating XML for feature sets on the inside of the backbone circle.
Feature sets written first are drawn closest to the backbone circle.
Creating XML for features in the GenBank file that are on the reverse strand.
Creating XML for GC content information.
Plotting GC content using a window size of 1000 and a step of 10.
The maximum GC content value is 0.4945.
The minimum GC content value is 0.1529.
The average GC content value is 0.2784.
GC content will be scaled based on the maximum and minimum values.
GC content will be plotted as the deviation from the average value.
Creating XML for GC skew information.
Plotting GC skew using a window size of 1000 and a step of 10.
The maximum GC skew value is 0.6742.
The minimum GC skew value is -0.4619.
The average GC skew value is -0.0111.
GC skew will be scaled based on the maximum and minimum values.
GC skew will be plotted as the deviation from the average value.
CGView XML file complete.
The recommended CGView command is:
----------------------------------
java -jar -Xmx1500m ../cgview.jar -i second_proj/maps/cgview_xml/small.xml -o map.png -f png
Success!
The following key-values were used:
-----------------------------------
arrowheadLength=4
average=T
atColorNeg=rgb(51,51,51)
atColorPos=rgb(51,51,51)
at_content=F
atSkewColorNeg=rgb(0,0,153)
atSkewColorPos=rgb(153,153,0)
at_skew=F
backboneColor=rgb(102,102,102)
backboneRadius=300
backboneThickness=2
backgroundColor=white
blast_divider_ruler=F
blastRulerColor=rgb(255,165,0)
borderColor=black
combined_orfs=F
details=T
draw_divider_rings=T
featureOpacity=0.5
featureOpacityOther=0.5
featureSlotSpacing=4
featureThickness=8
featureThicknessPlot=72.00
feature_labels=F
gcColorNeg=rgb(0,0,0)
gcColorPos=rgb(0,0,0)
gc_content=T
gcSkewColorNeg=rgb(153,0,153)
gcSkewColorPos=rgb(0,153,0)
gc_skew=T
gene_decoration=arrow
gene_labels=F
global_label=true
height=1000
hit_labels=F
labelFontSize=10
labelPlacementQuality=good
labelLineLength=60
labelLineThickness=1
legend=T
legendFontSize=8
orf_labels=F
maxLabelLength=20
maxLegendLength=20
maxTitleLength=50
minimumFeatureLength=0.2
moveInnerLabelsToOuter=false
orfColor=rgb(204,0,0)
orfs=F
orf_size=25
otherColor=rgb(51,51,51)
parse_reading_frame=F
proteinColor=rgb(0,0,153)
reading_frames=F
rRNAColor=rgb(153,0,153)
rulerFontColor=rgb(0,0,0)
rulerFontSize=8
rulerPadding=14
scale=T
scale_blast=T
show_sequence_features=T
show_queries=F
startColor=rgb(153,0,153)
starts=ttg|ctg|att|atc|ata|atg|gtg
step=10
stopColor=rgb(204,0,0)
stops=taa|tag|tga
title='Brassica napus' phytoplasma isolate TW1 Consensus_utg000001l_pilon, whole genome shotgun sequence.
titleFontSize=30
tickColor=rgb(0,51,0)
tickLength=5
tickThickness=1
tick_density=0.5
tRNAColor=rgb(153,0,0)
useInnerLabels=true
use_opacity=F
width=1000
window=1000
-----------------------------------
